<?xml version="1.0" encoding="UTF-8"?>
<testng-results skipped="0" failed="0" total="1" passed="1">
  <reporter-output>
  </reporter-output>
  <suite name="Surefire suite" duration-ms="13" started-at="2017-02-08T11:54:42Z" finished-at="2017-02-08T11:54:42Z">
    <groups>
    </groups>
    <test name="Surefire test" duration-ms="13" started-at="2017-02-08T11:54:42Z" finished-at="2017-02-08T11:54:42Z">
      <class name="org.wso2.carbon.identity.saml.inbound.GreeterTest">
        <test-method status="PASS" signature="shouldAnswerWithTrue()[pri:0, instance:org.wso2.carbon.identity.saml.inbound.GreeterTest@2f7a2457]" name="shouldAnswerWithTrue" duration-ms="6" started-at="2017-02-08T17:24:42Z" finished-at="2017-02-08T17:24:42Z">
          <reporter-output>
          </reporter-output>
        </test-method> <!-- shouldAnswerWithTrue -->
      </class> <!-- org.wso2.carbon.identity.saml.inbound.GreeterTest -->
    </test> <!-- Surefire test -->
  </suite> <!-- Surefire suite -->
</testng-results>
